  model.cpp
  zad4.cpp
D:\Documents\GitHub\Stuff\pgk\zad4\model.cpp(33): warning C4305: '=': truncation from 'double' to 'float'
D:\Documents\GitHub\Stuff\pgk\zad4\model.cpp(39): warning C4305: '=': truncation from 'double' to 'float'
D:\Documents\GitHub\Stuff\pgk\zad4\model.cpp(40): warning C4305: '=': truncation from 'double' to 'float'
D:\Documents\GitHub\Stuff\pgk\zad4\model.cpp(93): warning C4305: '=': truncation from 'double' to 'float'
D:\Documents\GitHub\Stuff\pgk\zad4\model.cpp(94): warning C4305: '*=': truncation from 'double' to 'float'
D:\Documents\GitHub\Stuff\pgk\zad4\model.cpp(136): warning C4244: '=': conversion from 'double' to 'float', possible loss of data
D:\Documents\GitHub\Stuff\pgk\zad4\model.cpp(153): warning C4305: '-=': truncation from 'double' to 'float'
D:\Documents\GitHub\Stuff\pgk\zad4\model.cpp(155): warning C4244: '+=': conversion from 'double' to 'float', possible loss of data
D:\Documents\GitHub\Stuff\pgk\zad4\model.cpp(157): warning C4244: '+=': conversion from 'double' to 'float', possible loss of data
D:\Documents\GitHub\Stuff\pgk\zad4\model.cpp(158): warning C4244: '+=': conversion from 'double' to 'float', possible loss of data
D:\Documents\GitHub\Stuff\pgk\zad4\model.cpp(281): warning C4244: '-=': conversion from 'double' to 'float', possible loss of data
D:\Documents\GitHub\Stuff\pgk\zad4\model.cpp(314): warning C4244: 'initializing': conversion from 'double' to 'float', possible loss of data
D:\Documents\GitHub\Stuff\pgk\zad4\model.cpp(323): warning C4305: '=': truncation from 'double' to 'float'
D:\Documents\GitHub\Stuff\pgk\zad4\model.cpp(328): warning C4244: '=': conversion from 'double' to 'float', possible loss of data
D:\Documents\GitHub\Stuff\pgk\zad4\zad4.cpp(83): warning C4305: 'argument': truncation from 'double' to 'GLclampf'
D:\Documents\GitHub\Stuff\pgk\zad4\zad4.cpp(103): warning C4244: 'argument': conversion from 'time_t' to 'unsigned int', possible loss of data
D:\Documents\GitHub\Stuff\pgk\zad4\zad4.cpp(154): warning C4244: '-=': conversion from 'double' to 'float', possible loss of data
D:\Documents\GitHub\Stuff\pgk\zad4\zad4.cpp(163): warning C4244: '+=': conversion from 'double' to 'float', possible loss of data
D:\Documents\GitHub\Stuff\pgk\zad4\zad4.cpp(164): warning C4244: '+=': conversion from 'double' to 'float', possible loss of data
D:\Documents\GitHub\Stuff\pgk\zad4\zad4.cpp(166): warning C4305: '=': truncation from 'double' to 'float'
D:\Documents\GitHub\Stuff\pgk\zad4\zad4.cpp(168): warning C4305: '=': truncation from 'double' to 'float'
D:\Documents\GitHub\Stuff\pgk\zad4\zad4.cpp(193): warning C4244: '+=': conversion from 'double' to 'float', possible loss of data
D:\Documents\GitHub\Stuff\pgk\zad4\zad4.cpp(194): warning C4244: '-=': conversion from 'double' to 'float', possible loss of data
D:\Documents\GitHub\Stuff\pgk\zad4\zad4.cpp(234): warning C4244: 'initializing': conversion from 'double' to 'float', possible loss of data
  zad4.vcxproj -> D:\Documents\GitHub\Stuff\pgk\build\Debug\zad4.exe
  zad4.vcxproj -> D:/Documents/GitHub/Stuff/pgk/build/Debug/zad4.pdb (Full PDB)
