d:\documents\github\stuff\pgk\zad4\build\glouglou.dir\debug\texture.obj
d:\documents\github\stuff\pgk\zad4\build\glouglou.dir\debug\shader.obj
d:\documents\github\stuff\pgk\zad4\build\glouglou.dir\debug\graphics.obj
d:\documents\github\stuff\pgk\zad4\build\glouglou.dir\debug\zad4.obj
d:\documents\github\stuff\pgk\zad4\build\glouglou.dir\debug\objloader.obj
d:\documents\github\stuff\pgk\zad4\build\glouglou.dir\debug\model.obj
d:\documents\github\stuff\pgk\zad4\build\glouglou.dir\debug\vc140.pdb
d:\documents\github\stuff\pgk\zad4\build\cmakefiles\generate.stamp
d:\documents\github\stuff\pgk\zad4\build\debug\glouglou.ilk
d:\documents\github\stuff\pgk\zad4\build\debug\glouglou.exe
d:\documents\github\stuff\pgk\zad4\build\debug\glouglou.pdb
d:\documents\github\stuff\pgk\zad4\build\glouglou.dir\debug\glouglou.vcxprojresolveassemblyreference.cache
d:\documents\github\stuff\pgk\zad4\build\glouglou.dir\debug\glouglou.tlog\cl.command.1.tlog
d:\documents\github\stuff\pgk\zad4\build\glouglou.dir\debug\glouglou.tlog\cl.read.1.tlog
d:\documents\github\stuff\pgk\zad4\build\glouglou.dir\debug\glouglou.tlog\cl.write.1.tlog
d:\documents\github\stuff\pgk\zad4\build\glouglou.dir\debug\glouglou.tlog\custombuild.command.1.tlog
d:\documents\github\stuff\pgk\zad4\build\glouglou.dir\debug\glouglou.tlog\custombuild.read.1.tlog
d:\documents\github\stuff\pgk\zad4\build\glouglou.dir\debug\glouglou.tlog\custombuild.write.1.tlog
d:\documents\github\stuff\pgk\zad4\build\glouglou.dir\debug\glouglou.tlog\link.command.1.tlog
d:\documents\github\stuff\pgk\zad4\build\glouglou.dir\debug\glouglou.tlog\link.read.1.tlog
d:\documents\github\stuff\pgk\zad4\build\glouglou.dir\debug\glouglou.tlog\link.write.1.tlog
