C:\Program Files\MSBuild\14.0\bin\Microsoft.Common.CurrentVersion.targets(1611,5): warning : The referenced project 'D:/Documents/GitHub/Stuff/pgk/build/ZERO_CHECK.vcxproj' does not exist.
C:\Program Files\MSBuild\14.0\bin\Microsoft.Common.CurrentVersion.targets(1611,5): warning : The referenced project 'D:/Documents/GitHub/Stuff/pgk/build/external/GLEW_1130.vcxproj' does not exist.
C:\Program Files\MSBuild\14.0\bin\Microsoft.Common.CurrentVersion.targets(1611,5): warning : The referenced project 'D:/Documents/GitHub/Stuff/pgk/build/external/glfw-3.1.2/examples/boing.vcxproj' does not exist.
C:\Program Files\MSBuild\14.0\bin\Microsoft.Common.CurrentVersion.targets(1611,5): warning : The referenced project 'D:/Documents/GitHub/Stuff/pgk/build/external/glfw-3.1.2/tests/clipboard.vcxproj' does not exist.
C:\Program Files\MSBuild\14.0\bin\Microsoft.Common.CurrentVersion.targets(1611,5): warning : The referenced project 'D:/Documents/GitHub/Stuff/pgk/build/external/glfw-3.1.2/tests/cursor.vcxproj' does not exist.
C:\Program Files\MSBuild\14.0\bin\Microsoft.Common.CurrentVersion.targets(1611,5): warning : The referenced project 'D:/Documents/GitHub/Stuff/pgk/build/external/glfw-3.1.2/tests/empty.vcxproj' does not exist.
C:\Program Files\MSBuild\14.0\bin\Microsoft.Common.CurrentVersion.targets(1611,5): warning : The referenced project 'D:/Documents/GitHub/Stuff/pgk/build/external/glfw-3.1.2/tests/events.vcxproj' does not exist.
C:\Program Files\MSBuild\14.0\bin\Microsoft.Common.CurrentVersion.targets(1611,5): warning : The referenced project 'D:/Documents/GitHub/Stuff/pgk/build/external/glfw-3.1.2/tests/gamma.vcxproj' does not exist.
C:\Program Files\MSBuild\14.0\bin\Microsoft.Common.CurrentVersion.targets(1611,5): warning : The referenced project 'D:/Documents/GitHub/Stuff/pgk/build/external/glfw-3.1.2/examples/gears.vcxproj' does not exist.
C:\Program Files\MSBuild\14.0\bin\Microsoft.Common.CurrentVersion.targets(1611,5): warning : The referenced project 'D:/Documents/GitHub/Stuff/pgk/build/external/glfw-3.1.2/src/glfw.vcxproj' does not exist.
C:\Program Files\MSBuild\14.0\bin\Microsoft.Common.CurrentVersion.targets(1611,5): warning : The referenced project 'D:/Documents/GitHub/Stuff/pgk/build/external/glfw-3.1.2/tests/glfwinfo.vcxproj' does not exist.
C:\Program Files\MSBuild\14.0\bin\Microsoft.Common.CurrentVersion.targets(1611,5): warning : The referenced project 'D:/Documents/GitHub/Stuff/pgk/build/external/glfw-3.1.2/examples/heightmap.vcxproj' does not exist.
C:\Program Files\MSBuild\14.0\bin\Microsoft.Common.CurrentVersion.targets(1611,5): warning : The referenced project 'D:/Documents/GitHub/Stuff/pgk/build/external/glfw-3.1.2/tests/iconify.vcxproj' does not exist.
C:\Program Files\MSBuild\14.0\bin\Microsoft.Common.CurrentVersion.targets(1611,5): warning : The referenced project 'D:/Documents/GitHub/Stuff/pgk/build/external/glfw-3.1.2/tests/joysticks.vcxproj' does not exist.
C:\Program Files\MSBuild\14.0\bin\Microsoft.Common.CurrentVersion.targets(1611,5): warning : The referenced project 'D:/Documents/GitHub/Stuff/pgk/build/external/glfw-3.1.2/tests/monitors.vcxproj' does not exist.
C:\Program Files\MSBuild\14.0\bin\Microsoft.Common.CurrentVersion.targets(1611,5): warning : The referenced project 'D:/Documents/GitHub/Stuff/pgk/build/external/glfw-3.1.2/tests/msaa.vcxproj' does not exist.
C:\Program Files\MSBuild\14.0\bin\Microsoft.Common.CurrentVersion.targets(1611,5): warning : The referenced project 'D:/Documents/GitHub/Stuff/pgk/build/external/glfw-3.1.2/examples/particles.vcxproj' does not exist.
C:\Program Files\MSBuild\14.0\bin\Microsoft.Common.CurrentVersion.targets(1611,5): warning : The referenced project 'D:/Documents/GitHub/Stuff/pgk/build/external/glfw-3.1.2/tests/reopen.vcxproj' does not exist.
C:\Program Files\MSBuild\14.0\bin\Microsoft.Common.CurrentVersion.targets(1611,5): warning : The referenced project 'D:/Documents/GitHub/Stuff/pgk/build/external/glfw-3.1.2/tests/sharing.vcxproj' does not exist.
C:\Program Files\MSBuild\14.0\bin\Microsoft.Common.CurrentVersion.targets(1611,5): warning : The referenced project 'D:/Documents/GitHub/Stuff/pgk/build/external/glfw-3.1.2/examples/simple.vcxproj' does not exist.
C:\Program Files\MSBuild\14.0\bin\Microsoft.Common.CurrentVersion.targets(1611,5): warning : The referenced project 'D:/Documents/GitHub/Stuff/pgk/build/external/glfw-3.1.2/examples/splitview.vcxproj' does not exist.
C:\Program Files\MSBuild\14.0\bin\Microsoft.Common.CurrentVersion.targets(1611,5): warning : The referenced project 'D:/Documents/GitHub/Stuff/pgk/build/external/glfw-3.1.2/tests/tearing.vcxproj' does not exist.
C:\Program Files\MSBuild\14.0\bin\Microsoft.Common.CurrentVersion.targets(1611,5): warning : The referenced project 'D:/Documents/GitHub/Stuff/pgk/build/external/glfw-3.1.2/tests/threads.vcxproj' does not exist.
C:\Program Files\MSBuild\14.0\bin\Microsoft.Common.CurrentVersion.targets(1611,5): warning : The referenced project 'D:/Documents/GitHub/Stuff/pgk/build/external/glfw-3.1.2/tests/title.vcxproj' does not exist.
C:\Program Files\MSBuild\14.0\bin\Microsoft.Common.CurrentVersion.targets(1611,5): warning : The referenced project 'D:/Documents/GitHub/Stuff/pgk/build/external/glfw-3.1.2/examples/wave.vcxproj' does not exist.
C:\Program Files\MSBuild\14.0\bin\Microsoft.Common.CurrentVersion.targets(1611,5): warning : The referenced project 'D:/Documents/GitHub/Stuff/pgk/build/external/glfw-3.1.2/tests/windows.vcxproj' does not exist.
C:\Program Files\MSBuild\14.0\bin\Microsoft.Common.CurrentVersion.targets(1611,5): warning : The referenced project 'D:/Documents/GitHub/Stuff/pgk/build/zad4.vcxproj' does not exist.
C:\Program Files\MSBuild\Microsoft.Cpp\v4.0\V140\Microsoft.CppBuild.targets(995,5): error MSB3191: Unable to create directory "D:\Documents\GitHub\Stuff\pgk\build\CMakeFiles\". Could not find a part of the path 'D:\Documents\GitHub\Stuff\pgk\build\CMakeFiles\'.
